<?xml version="1.0" encoding="UTF-8"?>
<!-- Generated by org.testng.reporters.JUnitReportReporter -->
<testsuite hostname="LAPTOP-CCP14ABS" failures="0" tests="4" name="api.test.UserTest" time="10.033" errors="0" timestamp="2024-12-05T13:04:47 IST" skipped="0">
  <testcase classname="api.test.UserTest" name="TestPostUser" time="3.387"/>
  <system-out/>
  <testcase classname="api.test.UserTest" name="testGetUserByName" time="1.870"/>
  <system-out/>
  <testcase classname="api.test.UserTest" name="testupdateUser" time="3.196"/>
  <system-out/>
  <testcase classname="api.test.UserTest" name="testDeleteByName" time="1.580"/>
  <system-out/>
</testsuite> <!-- api.test.UserTest -->
