<?xml version="1.0" encoding="UTF-8"?>
<!-- Generated by org.testng.reporters.JUnitReportReporter -->
<testsuite hostname="LAPTOP-CCP14ABS" failures="0" tests="4" name="api.test.UserTest2" time="10.754" errors="0" timestamp="2024-12-05T22:24:07 IST" skipped="0">
  <testcase classname="api.test.UserTest2" name="TestPostUser" time="3.877"/>
  <system-out/>
  <testcase classname="api.test.UserTest2" name="testGetUserByName" time="1.654"/>
  <system-out/>
  <testcase classname="api.test.UserTest2" name="testupdateUser" time="3.586"/>
  <system-out/>
  <testcase classname="api.test.UserTest2" name="testDeleteByName" time="1.637"/>
  <system-out/>
</testsuite> <!-- api.test.UserTest2 -->
