<?xml version="1.0" encoding="UTF-8"?>
<!-- Generated by org.testng.reporters.JUnitReportReporter -->
<testsuite hostname="LAPTOP-CCP14ABS" failures="0" tests="4" name="api.test.UserTest" time="7.954" errors="0" timestamp="2024-12-05T17:38:56 IST" skipped="0">
  <testcase classname="api.test.UserTest" name="TestPostUser" time="1.598"/>
  <system-out/>
  <testcase classname="api.test.UserTest" name="testGetUserByName" time="1.608"/>
  <system-out/>
  <testcase classname="api.test.UserTest" name="testupdateUser" time="3.125"/>
  <system-out/>
  <testcase classname="api.test.UserTest" name="testDeleteByName" time="1.623"/>
  <system-out/>
</testsuite> <!-- api.test.UserTest -->
